<!DOCTYPE html>
<html>
  <head>
    <meta charset="utf-8"/>
    <title>Test Report</title>
    <link href="assets/style.css" rel="stylesheet" type="text/css"/></head>
  <body onLoad="init()">
    <script>/* This Source Code Form is subject to the terms of the Mozilla Public
 * License, v. 2.0. If a copy of the MPL was not distributed with this file,
 * You can obtain one at http://mozilla.org/MPL/2.0/. */


function toArray(iter) {
    if (iter === null) {
        return null;
    }
    return Array.prototype.slice.call(iter);
}

function find(selector, elem) {
    if (!elem) {
        elem = document;
    }
    return elem.querySelector(selector);
}

function find_all(selector, elem) {
    if (!elem) {
        elem = document;
    }
    return toArray(elem.querySelectorAll(selector));
}

function sort_column(elem) {
    toggle_sort_states(elem);
    var colIndex = toArray(elem.parentNode.childNodes).indexOf(elem);
    var key;
    if (elem.classList.contains('numeric')) {
        key = key_num;
    } else if (elem.classList.contains('result')) {
        key = key_result;
    } else {
        key = key_alpha;
    }
    sort_table(elem, key(colIndex));
}

function show_all_extras() {
    find_all('.col-result').forEach(show_extras);
}

function hide_all_extras() {
    find_all('.col-result').forEach(hide_extras);
}

function show_extras(colresult_elem) {
    var extras = colresult_elem.parentNode.nextElementSibling;
    var expandcollapse = colresult_elem.firstElementChild;
    extras.classList.remove("collapsed");
    expandcollapse.classList.remove("expander");
    expandcollapse.classList.add("collapser");
}

function hide_extras(colresult_elem) {
    var extras = colresult_elem.parentNode.nextElementSibling;
    var expandcollapse = colresult_elem.firstElementChild;
    extras.classList.add("collapsed");
    expandcollapse.classList.remove("collapser");
    expandcollapse.classList.add("expander");
}

function show_filters() {
    var filter_items = document.getElementsByClassName('filter');
    for (var i = 0; i < filter_items.length; i++)
        filter_items[i].hidden = false;
}

function add_collapse() {
    // Add links for show/hide all
    var resulttable = find('table#results-table');
    var showhideall = document.createElement("p");
    showhideall.innerHTML = '<a href="javascript:show_all_extras()">Show all details</a> / ' +
                            '<a href="javascript:hide_all_extras()">Hide all details</a>';
    resulttable.parentElement.insertBefore(showhideall, resulttable);

    // Add show/hide link to each result
    find_all('.col-result').forEach(function(elem) {
        var extras = elem.parentNode.nextElementSibling;
        var expandcollapse = document.createElement("span");
        if (elem.innerHTML === 'Passed') {
            extras.classList.add("collapsed");
            expandcollapse.classList.add("expander");
        } else {
            expandcollapse.classList.add("collapser");
        }
        elem.appendChild(expandcollapse);

        elem.addEventListener("click", function(event) {
            if (event.currentTarget.parentNode.nextElementSibling.classList.contains("collapsed")) {
                show_extras(event.currentTarget);
            } else {
                hide_extras(event.currentTarget);
            }
        });
    })
}

function init () {
    reset_sort_headers();

    add_collapse();

    show_filters();

    toggle_sort_states(find('.initial-sort'));

    find_all('.sortable').forEach(function(elem) {
        elem.addEventListener("click",
                              function(event) {
                                  sort_column(elem);
                              }, false)
    });

};

function sort_table(clicked, key_func) {
    var rows = find_all('.results-table-row');
    var reversed = !clicked.classList.contains('asc');
    var sorted_rows = sort(rows, key_func, reversed);
    /* Whole table is removed here because browsers acts much slower
     * when appending existing elements.
     */
    var thead = document.getElementById("results-table-head");
    document.getElementById('results-table').remove();
    var parent = document.createElement("table");
    parent.id = "results-table";
    parent.appendChild(thead);
    sorted_rows.forEach(function(elem) {
        parent.appendChild(elem);
    });
    document.getElementsByTagName("BODY")[0].appendChild(parent);
}

function sort(items, key_func, reversed) {
    var sort_array = items.map(function(item, i) {
        return [key_func(item), i];
    });
    var multiplier = reversed ? -1 : 1;

    sort_array.sort(function(a, b) {
        var key_a = a[0];
        var key_b = b[0];
        return multiplier * (key_a >= key_b ? 1 : -1);
    });

    return sort_array.map(function(item) {
        var index = item[1];
        return items[index];
    });
}

function key_alpha(col_index) {
    return function(elem) {
        return elem.childNodes[1].childNodes[col_index].firstChild.data.toLowerCase();
    };
}

function key_num(col_index) {
    return function(elem) {
        return parseFloat(elem.childNodes[1].childNodes[col_index].firstChild.data);
    };
}

function key_result(col_index) {
    return function(elem) {
        var strings = ['Error', 'Failed', 'Rerun', 'XFailed', 'XPassed',
                       'Skipped', 'Passed'];
        return strings.indexOf(elem.childNodes[1].childNodes[col_index].firstChild.data);
    };
}

function reset_sort_headers() {
    find_all('.sort-icon').forEach(function(elem) {
        elem.parentNode.removeChild(elem);
    });
    find_all('.sortable').forEach(function(elem) {
        var icon = document.createElement("div");
        icon.className = "sort-icon";
        icon.textContent = "vvv";
        elem.insertBefore(icon, elem.firstChild);
        elem.classList.remove("desc", "active");
        elem.classList.add("asc", "inactive");
    });
}

function toggle_sort_states(elem) {
    //if active, toggle between asc and desc
    if (elem.classList.contains('active')) {
        elem.classList.toggle('asc');
        elem.classList.toggle('desc');
    }

    //if inactive, reset all other functions and add ascending active
    if (elem.classList.contains('inactive')) {
        reset_sort_headers();
        elem.classList.remove('inactive');
        elem.classList.add('active');
    }
}

function is_all_rows_hidden(value) {
  return value.hidden == false;
}

function filter_table(elem) {
    var outcome_att = "data-test-result";
    var outcome = elem.getAttribute(outcome_att);
    class_outcome = outcome + " results-table-row";
    var outcome_rows = document.getElementsByClassName(class_outcome);

    for(var i = 0; i < outcome_rows.length; i++){
        outcome_rows[i].hidden = !elem.checked;
    }

    var rows = find_all('.results-table-row').filter(is_all_rows_hidden);
    var all_rows_hidden = rows.length == 0 ? true : false;
    var not_found_message = document.getElementById("not-found-message");
    not_found_message.hidden = !all_rows_hidden;
}
</script>
    <p>Report generated on 17-May-2017 at 11:45:42 by<a href="https://pypi.python.org/pypi/pytest-html"> pytest-html</a> v1.14.2</p>
    <h2>Environment</h2>
    <table id="environment">
      <tr>
        <td>BUILD_ID</td>
        <td>846</td></tr>
      <tr>
        <td>BUILD_NUMBER</td>
        <td>846</td></tr>
      <tr>
        <td>BUILD_TAG</td>
        <td>jenkins-StratifiTestRun-846</td></tr>
      <tr>
        <td>BUILD_URL</td>
        <td><a href="http://localhost:8080/job/StratifiTestRun/846/" target="_blank">http://localhost:8080/job/StratifiTestRun/846/</a></td></tr>
      <tr>
        <td>EXECUTOR_NUMBER</td>
        <td>0</td></tr>
      <tr>
        <td>JENKINS_URL</td>
        <td><a href="http://localhost:8080/" target="_blank">http://localhost:8080/</a></td></tr>
      <tr>
        <td>JOB_NAME</td>
        <td>StratifiTestRun</td></tr>
      <tr>
        <td>NODE_NAME</td>
        <td>master</td></tr>
      <tr>
        <td>Packages</td>
        <td>{&apos;py&apos;: &apos;1.4.33&apos;, &apos;pytest&apos;: &apos;3.0.7&apos;, &apos;pluggy&apos;: &apos;0.4.0&apos;}</td></tr>
      <tr>
        <td>Platform</td>
        <td>Windows-7-6.1.7601-SP1</td></tr>
      <tr>
        <td>Plugins</td>
        <td>{&apos;logger&apos;: &apos;0.1.4&apos;, &apos;html&apos;: &apos;1.14.2&apos;, &apos;metadata&apos;: &apos;1.3.0&apos;}</td></tr>
      <tr>
        <td>Python</td>
        <td>2.7.13</td></tr>
      <tr>
        <td>WORKSPACE</td>
        <td>C:\Program Files (x86)\Jenkins\workspace\StratifiTestRun</td></tr></table>
    <h2>Summary</h2>
    <p>9 tests ran in 382.53 seconds. </p>
    <p class="filter" hidden="true">(Un)check the boxes to filter the results.</p><input checked="true" class="filter" data-test-result="passed" hidden="true" name="filter_checkbox" onChange="filter_table(this)" type="checkbox"/><span class="passed">5 passed</span>, <input checked="true" class="filter" data-test-result="skipped" disabled="true" hidden="true" name="filter_checkbox" onChange="filter_table(this)" type="checkbox"/><span class="skipped">0 skipped</span>, <input checked="true" class="filter" data-test-result="failed" hidden="true" name="filter_checkbox" onChange="filter_table(this)" type="checkbox"/><span class="failed">4 failed</span>, <input checked="true" class="filter" data-test-result="error" disabled="true" hidden="true" name="filter_checkbox" onChange="filter_table(this)" type="checkbox"/><span class="error">0 errors</span>, <input checked="true" class="filter" data-test-result="xfailed" disabled="true" hidden="true" name="filter_checkbox" onChange="filter_table(this)" type="checkbox"/><span class="xfailed">0 expected failures</span>, <input checked="true" class="filter" data-test-result="xpassed" disabled="true" hidden="true" name="filter_checkbox" onChange="filter_table(this)" type="checkbox"/><span class="xpassed">0 unexpected passes</span>
    <h2>Results</h2>
    <table id="results-table">
      <thead id="results-table-head">
        <tr>
          <th class="sortable result initial-sort" col="result">Result</th>
          <th class="sortable" col="name">Test</th>
          <th class="sortable numeric" col="duration">Duration</th>
          <th>Links</th></tr>
        <tr hidden="true" id="not-found-message">
          <th colspan="4">No results found. Try to check the filters</th></tr></thead>
      <tbody class="failed results-table-row">
        <tr>
          <td class="col-result">Failed</td>
          <td class="col-name">stratifi_tests/test_prism.py::TestPrism::()::test_prism_from_dashboard</td>
          <td class="col-duration">61.38</td>
          <td class="col-links"></td></tr>
        <tr>
          <td class="extra" colspan="4">
            <div class="log">self = &lt;stratifi_tests.test_prism.TestPrism object at 0x01D22210&gt;<br/><br/>    def test_prism_from_dashboard(self):<br/>        stratifi_page = StratifiPage()<br/>        stratifi_page.check_if_page_is_loaded()<br/>        print('Page is loaded: ' + str(stratifi_page.is_element_present('startAnalise')))<br/>        stratifi_page.press_start_analise()<br/>        stratifi_page.press_go_to_prism()<br/>        risk_analysis_page = RiskAnalysisPage()<br/>        risk_analysis_page.open_chose_module_dropdown()<br/>        risk_analysis_page.select_first_option()<br/>        risk_analysis_page.open_date_range_dropdown()<br/>        risk_analysis_page.press_set_range_button()<br/>    <br/>&gt;       risk_analysis_page.check_prism_analysis_is_shown()<br/><br/>test_prism.py:24: <br/>_ _ _ _ _ _ _ _ _ _ _ _ _ _ _ _ _ _ _ _ _ _ _ _ _ _ _ _ _ _ _ _ _ _ _ _ _ _ _ _<br/><br/>self = &lt;pages.advisors_stratifi_pages.risk_analysis_page.RiskAnalysisPage object at 0x01D222B0&gt;<br/><br/>    def check_prism_analysis_is_shown(self):<br/>&gt;       assert self.is_element_present("overviewForHeader", timeout=60), "Prism analysis was not shown"<br/><span class="error">E       AssertionError: Prism analysis was not shown</span><br/><br/>..\pages\advisors_stratifi_pages\risk_analysis_page.py:81: AssertionError<br/>----------------------------- Captured stdout call -----------------------------<br/>Page is loaded: True
</div></td></tr></tbody>
      <tbody class="failed results-table-row">
        <tr>
          <td class="col-result">Failed</td>
          <td class="col-name">stratifi_tests/test_prism.py::TestPrism::()::test_prism_from_left_panel</td>
          <td class="col-duration">62.45</td>
          <td class="col-links"></td></tr>
        <tr>
          <td class="extra" colspan="4">
            <div class="log">self = &lt;stratifi_tests.test_prism.TestPrism object at 0x01D22ED0&gt;<br/><br/>    def test_prism_from_left_panel(self):<br/>        stratifi_page = StratifiPage()<br/>        stratifi_page.open()<br/>        stratifi_page.press_prism_button()<br/>        stratifi_page.press_go_to_prism()<br/>        risk_analysis_page = RiskAnalysisPage()<br/>        risk_analysis_page.open_chose_module_dropdown()<br/>        risk_analysis_page.select_first_option()<br/>        risk_analysis_page.open_date_range_dropdown()<br/>        risk_analysis_page.press_set_range_button()<br/>&gt;       risk_analysis_page.check_prism_analysis_is_shown()<br/><br/>test_prism.py:37: <br/>_ _ _ _ _ _ _ _ _ _ _ _ _ _ _ _ _ _ _ _ _ _ _ _ _ _ _ _ _ _ _ _ _ _ _ _ _ _ _ _<br/><br/>self = &lt;pages.advisors_stratifi_pages.risk_analysis_page.RiskAnalysisPage object at 0x01D22F30&gt;<br/><br/>    def check_prism_analysis_is_shown(self):<br/>&gt;       assert self.is_element_present("overviewForHeader", timeout=60), "Prism analysis was not shown"<br/><span class="error">E       AssertionError: Prism analysis was not shown</span><br/><br/>..\pages\advisors_stratifi_pages\risk_analysis_page.py:81: AssertionError<br/></div></td></tr></tbody>
      <tbody class="failed results-table-row">
        <tr>
          <td class="col-result">Failed</td>
          <td class="col-name">stratifi_tests/test_prism.py::TestPrism::()::test_prism_creating_new_model</td>
          <td class="col-duration">67.68</td>
          <td class="col-links"></td></tr>
        <tr>
          <td class="extra" colspan="4">
            <div class="log">self = &lt;stratifi_tests.test_prism.TestPrism object at 0x01D5B810&gt;<br/><br/>    def test_prism_creating_new_model(self):<br/>        stratifi_page = StratifiPage()<br/>        stratifi_page.open()<br/>        stratifi_page.press_prism_button()<br/>        stratifi_page.press_go_to_prism()<br/>        risk_analysis_page = RiskAnalysisPage()<br/>        risk_analysis_page.press_add_models_button()<br/>        risk_analysis_page.check_if_model_portfolio_screen_is_shown()<br/>        print('Create Model Portfolio screen opened: ' + str(risk_analysis_page.is_element_present('modelNameField')))<br/>        risk_analysis_page.enter_model_name("Model for autotest")<br/>        risk_analysis_page.open_model_type_dropdown()<br/>        risk_analysis_page.chose_model_type_conservative()<br/>        risk_analysis_page.enter_a_ticker("AAC")<br/>        risk_analysis_page.check_if_any_tickers_suggested()<br/>        risk_analysis_page.chose_first_suggestion()<br/>        risk_analysis_page.enter_model_weight("100")<br/>        risk_analysis_page.press_create_model_button()<br/>        risk_analysis_page.check_if_new_model_was_saved()<br/>        time.sleep(2)<br/>        risk_analysis_page.open_date_range_dropdown()<br/>        risk_analysis_page.press_set_range_button()<br/>&gt;       risk_analysis_page.check_prism_analysis_is_shown()<br/><br/>test_prism.py:61: <br/>_ _ _ _ _ _ _ _ _ _ _ _ _ _ _ _ _ _ _ _ _ _ _ _ _ _ _ _ _ _ _ _ _ _ _ _ _ _ _ _<br/><br/>self = &lt;pages.advisors_stratifi_pages.risk_analysis_page.RiskAnalysisPage object at 0x01D5B8B0&gt;<br/><br/>    def check_prism_analysis_is_shown(self):<br/>&gt;       assert self.is_element_present("overviewForHeader", timeout=60), "Prism analysis was not shown"<br/><span class="error">E       AssertionError: Prism analysis was not shown</span><br/><br/>..\pages\advisors_stratifi_pages\risk_analysis_page.py:81: AssertionError<br/>----------------------------- Captured stdout call -----------------------------<br/>Create Model Portfolio screen opened: True
</div></td></tr></tbody>
      <tbody class="failed results-table-row">
        <tr>
          <td class="col-result">Failed</td>
          <td class="col-name">stratifi_tests/test_propgen_from_prism.py::TestPropGenFromPrism::()::test_propgen_from_prism</td>
          <td class="col-duration">63.16</td>
          <td class="col-links"></td></tr>
        <tr>
          <td class="extra" colspan="4">
            <div class="log">self = &lt;stratifi_tests.test_propgen_from_prism.TestPropGenFromPrism object at 0x01D5BFB0&gt;<br/><br/>    def test_propgen_from_prism(self):<br/>        stratifi_page = StratifiPage()<br/>        risk_analysis_page = RiskAnalysisPage()<br/>        stratifi_page.open()<br/>        stratifi_page.check_if_page_is_loaded()<br/>        print('Page is loaded: ' + str(stratifi_page.is_element_present('startAnalise')))<br/>        stratifi_page.press_start_analise()<br/>        stratifi_page.press_go_to_prism()<br/>        risk_analysis_page.open_chose_module_dropdown()<br/>        risk_analysis_page.select_first_option()<br/>        risk_analysis_page.open_date_range_dropdown()<br/>        risk_analysis_page.press_set_range_button()<br/>&gt;       risk_analysis_page.check_prism_analysis_is_shown()<br/><br/>test_propgen_from_prism.py:23: <br/>_ _ _ _ _ _ _ _ _ _ _ _ _ _ _ _ _ _ _ _ _ _ _ _ _ _ _ _ _ _ _ _ _ _ _ _ _ _ _ _<br/><br/>self = &lt;pages.advisors_stratifi_pages.risk_analysis_page.RiskAnalysisPage object at 0x01D5B970&gt;<br/><br/>    def check_prism_analysis_is_shown(self):<br/>&gt;       assert self.is_element_present("overviewForHeader", timeout=60), "Prism analysis was not shown"<br/><span class="error">E       AssertionError: Prism analysis was not shown</span><br/><br/>..\pages\advisors_stratifi_pages\risk_analysis_page.py:81: AssertionError<br/>----------------------------- Captured stdout call -----------------------------<br/>Page is loaded: True
</div></td></tr></tbody>
      <tbody class="passed results-table-row">
        <tr>
          <td class="col-result">Passed</td>
          <td class="col-name">stratifi_tests/test_login.py::TestLogin::()::test_login</td>
          <td class="col-duration">5.97</td>
          <td class="col-links"></td></tr>
        <tr>
          <td class="extra" colspan="4">
            <div class="log">----------------------------- Captured stdout call -----------------------------<br/>Successfully logged in: True
----------------------------- Captured stderr call -----------------------------<br/>INFO:root:Trying to login
</div></td></tr></tbody>
      <tbody class="passed results-table-row">
        <tr>
          <td class="col-result">Passed</td>
          <td class="col-name">stratifi_tests/test_prism.py::TestPrism::()::test_archive_created_model</td>
          <td class="col-duration">15.38</td>
          <td class="col-links"></td></tr>
        <tr>
          <td class="extra" colspan="4">
            <div class="log">----------------------------- Captured stdout call -----------------------------<br/>The model was not archived: False
</div></td></tr></tbody>
      <tbody class="passed results-table-row">
        <tr>
          <td class="col-result">Passed</td>
          <td class="col-name">stratifi_tests/test_propgen_from_clients.py::TestPropGenFromClients::()::test_propgen_from_clientlist</td>
          <td class="col-duration">16.18</td>
          <td class="col-links"></td></tr>
        <tr>
          <td class="extra" colspan="4">
            <div class="log">----------------------------- Captured stdout call -----------------------------<br/>Page is loaded: True
Client proposal generation screen is opened: True
Proposal was generated: True
</div></td></tr></tbody>
      <tbody class="passed results-table-row">
        <tr>
          <td class="col-result">Passed</td>
          <td class="col-name">stratifi_tests/test_propgen_from_strategies.py::TestPropGenFromStrategies::()::test_propgen_from_strategies</td>
          <td class="col-duration">16.21</td>
          <td class="col-links"></td></tr>
        <tr>
          <td class="extra" colspan="4">
            <div class="log">----------------------------- Captured stdout call -----------------------------<br/>Page is loaded: True
Generate Proposal pop up is shown: True
Client proposal generation is opened: True
Proposal was generated: True
</div></td></tr></tbody>
      <tbody class="passed results-table-row">
        <tr>
          <td class="col-result">Passed</td>
          <td class="col-name">stratifi_tests/test_q_client_onboarding.py::TestOnboarding::()::test_link_acc_and_send_documents</td>
          <td class="col-duration">66.40</td>
          <td class="col-links"></td></tr>
        <tr>
          <td class="extra" colspan="4">
            <div class="log">----------------------------- Captured stdout call -----------------------------<br/>Page is loaded: True
</div></td></tr></tbody></table></body></html>